<?xml version="1.0" encoding="UTF-8"?>
<!-- Generated by org.testng.reporters.JUnitReportReporter -->
<testsuite hostname="LAPTOP-5VUI9PNA" failures="0" tests="1" name="runner.testrunnerTest" time="8.908" errors="0" timestamp="2024-07-15T23:51:02 IST" skipped="0">
  <testcase classname="runner.testrunnerTest" name="runScenario" time="8.908"/>
</testsuite> <!-- runner.testrunnerTest -->
